C:\Users\Bogdan\source\repos\UserDetails\dist\out-tsc\app\app-routing.module.js
C:\Users\Bogdan\source\repos\UserDetails\dist\out-tsc\app\app-routing.module.js.map
C:\Users\Bogdan\source\repos\UserDetails\dist\out-tsc\app\shared\dataService.js
C:\Users\Bogdan\source\repos\UserDetails\dist\out-tsc\app\shared\dataService.js.map
C:\Users\Bogdan\source\repos\UserDetails\dist\out-tsc\app\user.js
C:\Users\Bogdan\source\repos\UserDetails\dist\out-tsc\app\user.js.map
C:\Users\Bogdan\source\repos\UserDetails\dist\out-tsc\app\shared\submit.service.js
C:\Users\Bogdan\source\repos\UserDetails\dist\out-tsc\app\shared\submit.service.js.map
C:\Users\Bogdan\source\repos\UserDetails\dist\out-tsc\app\app.component.js
C:\Users\Bogdan\source\repos\UserDetails\dist\out-tsc\app\app.component.js.map
C:\Users\Bogdan\source\repos\UserDetails\dist\out-tsc\app\app.module.js
C:\Users\Bogdan\source\repos\UserDetails\dist\out-tsc\app\app.module.js.map
C:\Users\Bogdan\source\repos\UserDetails\dist\out-tsc\environments\environment.js
C:\Users\Bogdan\source\repos\UserDetails\dist\out-tsc\environments\environment.js.map
C:\Users\Bogdan\source\repos\UserDetails\dist\out-tsc\main.js
C:\Users\Bogdan\source\repos\UserDetails\dist\out-tsc\main.js.map
C:\Users\Bogdan\source\repos\UserDetails\dist\out-tsc\polyfills.js
C:\Users\Bogdan\source\repos\UserDetails\dist\out-tsc\polyfills.js.map
C:\Users\Bogdan\source\repos\UserDetails\dist\out-tsc\test.js
C:\Users\Bogdan\source\repos\UserDetails\dist\out-tsc\test.js.map
C:\Users\Bogdan\source\repos\UserDetails\dist\out-tsc\app\app.component.spec.js
C:\Users\Bogdan\source\repos\UserDetails\dist\out-tsc\app\app.component.spec.js.map
C:\Users\Bogdan\source\repos\UserDetails\dist\out-tsc\app\user.spec.js
C:\Users\Bogdan\source\repos\UserDetails\dist\out-tsc\app\user.spec.js.map
C:\Users\Bogdan\source\repos\UserDetails\dist\out-tsc\app\shared\submit.service.spec.js
C:\Users\Bogdan\source\repos\UserDetails\dist\out-tsc\app\shared\submit.service.spec.js.map
C:\Users\Bogdan\source\repos\UserDetails\dist\out-tsc\app\shared\username.validator.js
C:\Users\Bogdan\source\repos\UserDetails\dist\out-tsc\app\shared\username.validator.js.map
C:\Users\Bogdan\source\repos\UserDetails\dist\out-tsc\environments\environment.prod.js
C:\Users\Bogdan\source\repos\UserDetails\dist\out-tsc\environments\environment.prod.js.map
